<?xml version="1.0" encoding="UTF-8"?>
<testng-results ignored="0" total="1" passed="1" failed="0" skipped="0">
  <reporter-output>
  </reporter-output>
  <suite started-at="2021-03-24T08:18:04 EDT" name="Suite" finished-at="2021-03-24T08:18:34 EDT" duration-ms="30535">
    <groups>
    </groups>
    <test started-at="2021-03-24T08:18:04 EDT" name="Test" finished-at="2021-03-24T08:18:34 EDT" duration-ms="30535">
      <class name="tests.LoginTest">
        <test-method signature="testLogin()[pri:0, instance:tests.LoginTest@2584b82d]" started-at="2021-03-24T08:18:04 EDT" name="testLogin" finished-at="2021-03-24T08:18:33 EDT" duration-ms="28616" status="PASS">
          <reporter-output>
          </reporter-output>
        </test-method> <!-- testLogin -->
        <test-method is-config="true" signature="testClouser()[pri:0, instance:tests.LoginTest@2584b82d]" started-at="2021-03-24T08:18:33 EDT" name="testClouser" finished-at="2021-03-24T08:18:34 EDT" duration-ms="1865" status="PASS">
          <reporter-output>
          </reporter-output>
        </test-method> <!-- testClouser -->
      </class> <!-- tests.LoginTest -->
    </test> <!-- Test -->
  </suite> <!-- Suite -->
</testng-results>
